2017-06-17 14:53:13 [127.0.0.1][100][i806bqtfm84kop391528gov560][error][yii\web\HttpException:404] yii\base\InvalidRouteException: Unable to resolve the request "blog". in /var/www/html/basic/vendor/yiisoft/yii2/base/Module.php:532
Stack trace:
#0 /var/www/html/basic/vendor/yiisoft/yii2/web/Application.php(102): yii\base\Module->runAction('blog', Array)
#1 /var/www/html/basic/vendor/yiisoft/yii2/base/Application.php(380): yii\web\Application->handleRequest(Object(yii\web\Request))
#2 /var/www/html/basic/web/index.php(12): yii\base\Application->run()
#3 {main}

Next yii\web\NotFoundHttpException: Page not found. in /var/www/html/basic/vendor/yiisoft/yii2/web/Application.php:114
Stack trace:
#0 /var/www/html/basic/vendor/yiisoft/yii2/base/Application.php(380): yii\web\Application->handleRequest(Object(yii\web\Request))
#1 /var/www/html/basic/web/index.php(12): yii\base\Application->run()
#2 {main}
2017-06-17 14:53:13 [127.0.0.1][100][i806bqtfm84kop391528gov560][info][application] $_GET = [
    'r' => 'blog'
]

$_COOKIE = [
    '_csrf' => '1875e134fefb4577611b744578275d1d69347385fbb29186dcd45edb5b718586a:2:{i:0;s:5:\"_csrf\";i:1;s:32:\"ÒkH³ }¨”“r\0^ÐT
²F cÕÂ)„÷‚l‰Ì\";}'
    'PHPSESSID' => 'i806bqtfm84kop391528gov560'
    '_identity' => '94529a27e13556587102e2768de6793b8f891d03e2ef841e34b17fba66ccc906a:2:{i:0;s:9:\"_identity\";i:1;s:28:\"[\"100\",\"test100key\",2592000]\";}'
]

$_SESSION = [
    '__flash' => []
    '__id' => '100'
]

$_SERVER = [
    'HTTP_HOST' => 'localhost'
    'HTTP_USER_AGENT' => 'Mozilla/5.0 (X11; Ubuntu; Linux x86_64; rv:51.0) Gecko/20100101 Firefox/51.0'
    'HTTP_ACCEPT' => 'text/html,application/xhtml+xml,application/xml;q=0.9,*/*;q=0.8'
    'HTTP_ACCEPT_LANGUAGE' => 'en-US,en;q=0.5'
    'HTTP_ACCEPT_ENCODING' => 'gzip, deflate'
    'HTTP_COOKIE' => '_csrf=1875e134fefb4577611b744578275d1d69347385fbb29186dcd45edb5b718586a%3A2%3A%7Bi%3A0%3Bs%3A5%3A%22_csrf%22%3Bi%3A1%3Bs%3A32%3A%22%D2k%15H%B3+%7D%A8%94%93r%00%1A%16%12%5E%D0T%0A%B2F+c%D5%C2%29%84%F7%82l%89%CC%22%3B%7D; PHPSESSID=i806bqtfm84kop391528gov560; _identity=94529a27e13556587102e2768de6793b8f891d03e2ef841e34b17fba66ccc906a%3A2%3A%7Bi%3A0%3Bs%3A9%3A%22_identity%22%3Bi%3A1%3Bs%3A28%3A%22%5B%22100%22%2C%22test100key%22%2C2592000%5D%22%3B%7D'
    'HTTP_CONNECTION' => 'keep-alive'
    'HTTP_UPGRADE_INSECURE_REQUESTS' => '1'
    'PATH' => '/usr/local/sbin:/usr/local/bin:/usr/sbin:/usr/bin:/sbin:/bin'
    'SERVER_SIGNATURE' => '<address>Apache/2.4.18 (Ubuntu) Server at localhost Port 80</address>
'
    'SERVER_SOFTWARE' => 'Apache/2.4.18 (Ubuntu)'
    'SERVER_NAME' => 'localhost'
    'SERVER_ADDR' => '127.0.0.1'
    'SERVER_PORT' => '80'
    'REMOTE_ADDR' => '127.0.0.1'
    'DOCUMENT_ROOT' => '/var/www/html'
    'REQUEST_SCHEME' => 'http'
    'CONTEXT_PREFIX' => ''
    'CONTEXT_DOCUMENT_ROOT' => '/var/www/html'
    'SERVER_ADMIN' => 'webmaster@localhost'
    'SCRIPT_FILENAME' => '/var/www/html/basic/web/index.php'
    'REMOTE_PORT' => '54396'
    'GATEWAY_INTERFACE' => 'CGI/1.1'
    'SERVER_PROTOCOL' => 'HTTP/1.1'
    'REQUEST_METHOD' => 'GET'
    'QUERY_STRING' => 'r=blog'
    'REQUEST_URI' => '/basic/web/?r=blog'
    'SCRIPT_NAME' => '/basic/web/index.php'
    'PHP_SELF' => '/basic/web/index.php'
    'PHP_AUTH_USER' => 'root'
    'PHP_AUTH_PW' => '12superman'
    'REQUEST_TIME_FLOAT' => 1497711193.638
    'REQUEST_TIME' => 1497711193
]
